Unity Editor version:    2022.3.1f1 (f18e0c1b5784)
Branch:                  2022.3/staging
Build type:              Release
Batch mode:              YES
macOS version:           Version 13.3.1 (a) (Build 22E772610a)
Darwin version:          22.4.0
Architecture:            arm64
Running under Rosetta:   NO
Available memory:        8192 MB
Using pre-set license
Pro License: YES

COMMAND LINE ARGUMENTS:
/Applications/Unity/Hub/Editor/2022.3.1f1/Unity.app/Contents/MacOS/Unity
-adb2
-batchMode
-noUpm
-name
AssetImportWorker1
-projectPath
/Users/markpaul/Desktop/gayme/enigma_escape/enigma escape
-logFile
Logs/AssetImportWorker1.log
-srvPort
64789
Successfully changed project path to: /Users/markpaul/Desktop/gayme/enigma_escape/enigma escape
/Users/markpaul/Desktop/gayme/enigma_escape/enigma escape
[UnityMemory] Configuration Parameters - Can be set up in boot.config
    "memorysetup-bucket-allocator-granularity=16"
    "memorysetup-bucket-allocator-bucket-count=8"
    "memorysetup-bucket-allocator-block-size=33554432"
    "memorysetup-bucket-allocator-block-count=8"
    "memorysetup-main-allocator-block-size=16777216"
    "memorysetup-thread-allocator-block-size=16777216"
    "memorysetup-gfx-main-allocator-block-size=16777216"
    "memorysetup-gfx-thread-allocator-block-size=16777216"
    "memorysetup-cache-allocator-block-size=4194304"
    "memorysetup-typetree-allocator-block-size=2097152"
    "memorysetup-profiler-bucket-allocator-granularity=16"
    "memorysetup-profiler-bucket-allocator-bucket-count=8"
    "memorysetup-profiler-bucket-allocator-block-size=33554432"
    "memorysetup-profiler-bucket-allocator-block-count=8"
    "memorysetup-profiler-allocator-block-size=16777216"
    "memorysetup-profiler-editor-allocator-block-size=1048576"
    "memorysetup-temp-allocator-size-main=16777216"
    "memorysetup-job-temp-allocator-block-size=2097152"
    "memorysetup-job-temp-allocator-block-size-background=1048576"
    "memorysetup-job-temp-allocator-reduction-small-platforms=262144"
    "memorysetup-allocator-temp-initial-block-size-main=262144"
    "memorysetup-allocator-temp-initial-block-size-worker=262144"
    "memorysetup-temp-allocator-size-background-worker=32768"
    "memorysetup-temp-allocator-size-job-worker=262144"
    "memorysetup-temp-allocator-size-preload-manager=33554432"
    "memorysetup-temp-allocator-size-nav-mesh-worker=65536"
    "memorysetup-temp-allocator-size-audio-worker=65536"
    "memorysetup-temp-allocator-size-cloud-worker=32768"
    "memorysetup-temp-allocator-size-gi-baking-worker=262144"
    "memorysetup-temp-allocator-size-gfx=262144"
Player connection [8379669312] Host "[IP] 172.19.0.204 [Port] 0 [Flags] 2 [Guid] 1770168074 [EditorId] 1770168074 [Version] 1048832 [Id] OSXEditor(0,Marks-MacBook-Pro.local) [Debug] 1 [PackageName] OSXEditor [ProjectName] Editor" joined multi-casting on [225.0.0.222:54997]...

Player connection [8379669312] Host "[IP] 172.19.0.204 [Port] 0 [Flags] 2 [Guid] 1770168074 [EditorId] 1770168074 [Version] 1048832 [Id] OSXEditor(0,Marks-MacBook-Pro.local) [Debug] 1 [PackageName] OSXEditor [ProjectName] Editor" joined alternative multi-casting on [225.0.0.222:34997]...

Refreshing native plugins compatible for Editor in 11.60 ms, found 2 plugins.
Preloading 0 native plugins for Editor in 0.00 ms.
Initialize engine version: 2022.3.1f1 (f18e0c1b5784)
[Subsystems] Discovering subsystems at path /Applications/Unity/Hub/Editor/2022.3.1f1/Unity.app/Contents/Resources/UnitySubsystems
[Subsystems] Discovering subsystems at path /Users/markpaul/Desktop/gayme/enigma_escape/enigma escape/Assets
GfxDevice: creating device client; threaded=0; jobified=0
 preferred device: Apple M1 (high power)
Metal devices available: 1
0: Apple M1 (high power)
Using device Apple M1 (high power)
Initializing Metal device caps: Apple M1
Initialize mono
Mono path[0] = '/Applications/Unity/Hub/Editor/2022.3.1f1/Unity.app/Contents/Managed'
Mono path[1] = '/Applications/Unity/Hub/Editor/2022.3.1f1/Unity.app/Contents/MonoBleedingEdge/lib/mono/unityjit-macos'
Mono config path = '/Applications/Unity/Hub/Editor/2022.3.1f1/Unity.app/Contents/MonoBleedingEdge/etc'
Using monoOptions --debugger-agent=transport=dt_socket,embedding=1,server=y,suspend=n,address=127.0.0.1:56417
Begin MonoManager ReloadAssembly
Registering precompiled unity dll's ...
Register platform support module: /Applications/Unity/Hub/Editor/2022.3.1f1/PlaybackEngines/WebGLSupport/UnityEditor.WebGL.Extensions.dll
Register platform support module: /Applications/Unity/Hub/Editor/2022.3.1f1/Unity.app/Contents/PlaybackEngines/MacStandaloneSupport/UnityEditor.OSXStandalone.Extensions.dll
Registered in 0.003617 seconds.
- Loaded All Assemblies, in  0.264 seconds
Native extension for OSXStandalone target not found
Native extension for WebGL target not found
Mono: successfully reloaded assembly
- Finished resetting the current domain, in  0.158 seconds
Domain Reload Profiling: 422ms
	BeginReloadAssembly (89ms)
		ExecutionOrderSort (0ms)
		DisableScriptedObjects (0ms)
		BackupInstance (0ms)
		ReleaseScriptingObjects (0ms)
		CreateAndSetChildDomain (0ms)
	RebuildCommonClasses (25ms)
	RebuildNativeTypeToScriptingClass (8ms)
	initialDomainReloadingComplete (35ms)
	LoadAllAssembliesAndSetupDomain (106ms)
		LoadAssemblies (89ms)
		RebuildTransferFunctionScriptingTraits (0ms)
		AnalyzeDomain (103ms)
			TypeCache.Refresh (102ms)
				TypeCache.ScanAssembly (91ms)
			ScanForSourceGeneratedMonoScriptInfo (0ms)
			ResolveRequiredComponents (1ms)
	FinalizeReload (158ms)
		ReleaseScriptCaches (0ms)
		RebuildScriptCaches (0ms)
		SetupLoadedEditorAssemblies (118ms)
			LogAssemblyErrors (0ms)
			InitializePlatformSupportModulesInManaged (5ms)
			SetLoadedEditorAssemblies (4ms)
			RefreshPlugins (0ms)
			BeforeProcessingInitializeOnLoad (1ms)
			ProcessInitializeOnLoadAttributes (81ms)
			ProcessInitializeOnLoadMethodAttributes (27ms)
			AfterProcessingInitializeOnLoad (0ms)
			EditorAssembliesLoaded (0ms)
		ExecutionOrderSort2 (0ms)
		AwakeInstancesAfterBackupRestoration (0ms)
========================================================================
Worker process is ready to serve import requests
Begin MonoManager ReloadAssembly
Symbol file LoadedFromMemory doesn't match image /Users/markpaul/Desktop/gayme/enigma_escape/enigma escape/Library/PackageCache/com.unity.visualscripting@1.8.0/Editor/VisualScripting.Core/Dependencies/YamlDotNet/Unity.VisualScripting.YamlDotNet.dll
Symbol file LoadedFromMemory doesn't match image /Users/markpaul/Desktop/gayme/enigma_escape/enigma escape/Library/PackageCache/com.unity.visualscripting@1.8.0/Editor/VisualScripting.Core/Dependencies/DotNetZip/Unity.VisualScripting.IonicZip.dll
- Loaded All Assemblies, in  0.615 seconds
Refreshing native plugins compatible for Editor in 0.86 ms, found 2 plugins.
Native extension for OSXStandalone target not found
Native extension for WebGL target not found
Mono: successfully reloaded assembly
- Finished resetting the current domain, in  0.375 seconds
Domain Reload Profiling: 992ms
	BeginReloadAssembly (92ms)
		ExecutionOrderSort (0ms)
		DisableScriptedObjects (4ms)
		BackupInstance (0ms)
		ReleaseScriptingObjects (0ms)
		CreateAndSetChildDomain (24ms)
	RebuildCommonClasses (25ms)
	RebuildNativeTypeToScriptingClass (9ms)
	initialDomainReloadingComplete (24ms)
	LoadAllAssembliesAndSetupDomain (467ms)
		LoadAssemblies (254ms)
		RebuildTransferFunctionScriptingTraits (0ms)
		AnalyzeDomain (239ms)
			TypeCache.Refresh (228ms)
				TypeCache.ScanAssembly (212ms)
			ScanForSourceGeneratedMonoScriptInfo (9ms)
			ResolveRequiredComponents (3ms)
	FinalizeReload (375ms)
		ReleaseScriptCaches (0ms)
		RebuildScriptCaches (0ms)
		SetupLoadedEditorAssemblies (273ms)
			LogAssemblyErrors (0ms)
			InitializePlatformSupportModulesInManaged (3ms)
			SetLoadedEditorAssemblies (3ms)
			RefreshPlugins (0ms)
			BeforeProcessingInitializeOnLoad (40ms)
			ProcessInitializeOnLoadAttributes (215ms)
			ProcessInitializeOnLoadMethodAttributes (12ms)
			AfterProcessingInitializeOnLoad (1ms)
			EditorAssembliesLoaded (0ms)
		ExecutionOrderSort2 (0ms)
		AwakeInstancesAfterBackupRestoration (3ms)
Launching external process: /Applications/Unity/Hub/Editor/2022.3.1f1/Unity.app/Contents/Tools/UnityShaderCompiler
Launched and connected shader compiler UnityShaderCompiler after 0.22 seconds
Refreshing native plugins compatible for Editor in 0.84 ms, found 2 plugins.
Preloading 0 native plugins for Editor in 0.00 ms.
Unloading 3067 Unused Serialized files (Serialized files now loaded: 0)
Unloading 31 unused Assets / (50.8 KB). Loaded Objects now: 3531.
Memory consumption went from 120.5 MB to 120.4 MB.
Total: 4.544500 ms (FindLiveObjects: 0.117875 ms CreateObjectMapping: 0.036833 ms MarkObjects: 4.225291 ms  DeleteObjects: 0.163709 ms)

AssetImportParameters requested are different than current active one (requested -> active):
  custom:container-demuxer-ogg: 62fdf1f143b41e24485cea50d1cbac27 -> 
  custom:video-decoder-ogg-theora: a1e56fd34408186e4bbccfd4996cb3dc -> 
  custom:container-demuxer-webm: 4f35f7cbe854078d1ac9338744f61a02 -> 
  custom:container-muxer-webm: aa71ff27fc2769a1b78a27578f13a17b -> 
  custom:video-decoder-webm-vp8: 9c59270c3fd7afecdb556c50c9e8de78 -> 
  custom:AudioImporter_EditorPlatform: 3918e3fc78b5a79bad01e8451be0beb8 -> 
  custom:framework-osx-AVFoundation: e770b220cccbd017edd2c1fefb359320 -> 
  custom:video-encoder-webm-vp8: eb34c28f22e8b96e1ab97ce403110664 -> 
  custom:audio-decoder-ogg-vorbis: bf7c407c2cedff20999df2af8eb42d56 -> 
  custom:audio-encoder-webm-vorbis: bf7c407c2cedff20999df2af8eb42d56 -> 
========================================================================
Received Import Request.
  Time since last request: 117706.791981 seconds.
  path: Assets/AurynSky/Gems Ultimate Pack/Prefabs/4 Side Diamond.prefab
  artifactKey: Guid(0ed203d298c050b49bfabe788790e1c2) Importer(815301076,1909f56bfc062723c751e8b465ee728b)
Start importing Assets/AurynSky/Gems Ultimate Pack/Prefabs/4 Side Diamond.prefab using Guid(0ed203d298c050b49bfabe788790e1c2) Importer(815301076,1909f56bfc062723c751e8b465ee728b)  -> (artifact id: '9021a51e6367e9289e025b9dae44d786') in 0.433801 seconds
Number of updated asset objects reloaded before import = 0
Number of asset objects unloaded after import = 9
========================================================================
Received Import Request.
  Time since last request: 3.662419 seconds.
  path: Assets/AurynSky/Gems Ultimate Pack/Models/5 Side Diamond.fbx
  artifactKey: Guid(aa56074584965524093e852b02a99de7) Importer(815301076,1909f56bfc062723c751e8b465ee728b)
Start importing Assets/AurynSky/Gems Ultimate Pack/Models/5 Side Diamond.fbx using Guid(aa56074584965524093e852b02a99de7) Importer(815301076,1909f56bfc062723c751e8b465ee728b)  -> (artifact id: '6ca62e050b7c11cba9a177a5ac8372ba') in 0.241423 seconds
Number of updated asset objects reloaded before import = 0
Number of asset objects unloaded after import = 8
========================================================================
Received Import Request.
  Time since last request: 11.034483 seconds.
  path: Assets/Low Poly Fruits/Prefabs/avocado.prefab
  artifactKey: Guid(2f2e54b9f3898eb46a0b47f9a4d4c52b) Importer(815301076,1909f56bfc062723c751e8b465ee728b)
Start importing Assets/Low Poly Fruits/Prefabs/avocado.prefab using Guid(2f2e54b9f3898eb46a0b47f9a4d4c52b) Importer(815301076,1909f56bfc062723c751e8b465ee728b)  -> (artifact id: '00c446984d2b9d0166c651ccac8dcd1c') in 0.075564 seconds
Number of updated asset objects reloaded before import = 0
Number of asset objects unloaded after import = 9
========================================================================
Received Prepare
Begin MonoManager ReloadAssembly
Thread 0x297487000 may have been prematurely finalized
Symbol file LoadedFromMemory doesn't match image /Users/markpaul/Desktop/gayme/enigma_escape/enigma escape/Library/PackageCache/com.unity.visualscripting@1.8.0/Editor/VisualScripting.Core/Dependencies/YamlDotNet/Unity.VisualScripting.YamlDotNet.dll
Symbol file LoadedFromMemory doesn't match image /Users/markpaul/Desktop/gayme/enigma_escape/enigma escape/Library/PackageCache/com.unity.visualscripting@1.8.0/Editor/VisualScripting.Core/Dependencies/DotNetZip/Unity.VisualScripting.IonicZip.dll
- Loaded All Assemblies, in  0.545 seconds
Refreshing native plugins compatible for Editor in 0.74 ms, found 2 plugins.
Native extension for OSXStandalone target not found
Native extension for WebGL target not found
Mono: successfully reloaded assembly
- Finished resetting the current domain, in  0.638 seconds
Domain Reload Profiling: 1184ms
	BeginReloadAssembly (104ms)
		ExecutionOrderSort (0ms)
		DisableScriptedObjects (4ms)
		BackupInstance (0ms)
		ReleaseScriptingObjects (0ms)
		CreateAndSetChildDomain (45ms)
	RebuildCommonClasses (23ms)
	RebuildNativeTypeToScriptingClass (8ms)
	initialDomainReloadingComplete (19ms)
	LoadAllAssembliesAndSetupDomain (391ms)
		LoadAssemblies (227ms)
		RebuildTransferFunctionScriptingTraits (0ms)
		AnalyzeDomain (189ms)
			TypeCache.Refresh (187ms)
				TypeCache.ScanAssembly (178ms)
			ScanForSourceGeneratedMonoScriptInfo (0ms)
			ResolveRequiredComponents (3ms)
	FinalizeReload (638ms)
		ReleaseScriptCaches (0ms)
		RebuildScriptCaches (0ms)
		SetupLoadedEditorAssemblies (199ms)
			LogAssemblyErrors (0ms)
			InitializePlatformSupportModulesInManaged (3ms)
			SetLoadedEditorAssemblies (2ms)
			RefreshPlugins (0ms)
			BeforeProcessingInitializeOnLoad (32ms)
			ProcessInitializeOnLoadAttributes (150ms)
			ProcessInitializeOnLoadMethodAttributes (11ms)
			AfterProcessingInitializeOnLoad (1ms)
			EditorAssembliesLoaded (0ms)
		ExecutionOrderSort2 (0ms)
		AwakeInstancesAfterBackupRestoration (3ms)
Refreshing native plugins compatible for Editor in 1.08 ms, found 2 plugins.
Preloading 0 native plugins for Editor in 0.00 ms.
Unloading 3059 Unused Serialized files (Serialized files now loaded: 0)
Unloading 22 unused Assets / (30.6 KB). Loaded Objects now: 3546.
Memory consumption went from 127.4 MB to 127.3 MB.
Total: 5.530875 ms (FindLiveObjects: 0.189292 ms CreateObjectMapping: 0.041709 ms MarkObjects: 5.212166 ms  DeleteObjects: 0.086167 ms)

Prepare: number of updated asset objects reloaded= 0
AssetImportParameters requested are different than current active one (requested -> active):
  custom:container-demuxer-ogg: 62fdf1f143b41e24485cea50d1cbac27 -> 
  custom:video-decoder-ogg-theora: a1e56fd34408186e4bbccfd4996cb3dc -> 
  custom:container-demuxer-webm: 4f35f7cbe854078d1ac9338744f61a02 -> 
  custom:container-muxer-webm: aa71ff27fc2769a1b78a27578f13a17b -> 
  custom:video-decoder-webm-vp8: 9c59270c3fd7afecdb556c50c9e8de78 -> 
  custom:AudioImporter_EditorPlatform: 3918e3fc78b5a79bad01e8451be0beb8 -> 
  custom:framework-osx-AVFoundation: e770b220cccbd017edd2c1fefb359320 -> 
  custom:video-encoder-webm-vp8: eb34c28f22e8b96e1ab97ce403110664 -> 
  custom:audio-decoder-ogg-vorbis: bf7c407c2cedff20999df2af8eb42d56 -> 
  custom:audio-encoder-webm-vorbis: bf7c407c2cedff20999df2af8eb42d56 -> 
========================================================================
Received Prepare
Begin MonoManager ReloadAssembly
Thread 0x16d7ef000 may have been prematurely finalized
Symbol file LoadedFromMemory doesn't match image /Users/markpaul/Desktop/gayme/enigma_escape/enigma escape/Library/PackageCache/com.unity.visualscripting@1.8.0/Editor/VisualScripting.Core/Dependencies/YamlDotNet/Unity.VisualScripting.YamlDotNet.dll
Symbol file LoadedFromMemory doesn't match image /Users/markpaul/Desktop/gayme/enigma_escape/enigma escape/Library/PackageCache/com.unity.visualscripting@1.8.0/Editor/VisualScripting.Core/Dependencies/DotNetZip/Unity.VisualScripting.IonicZip.dll
- Loaded All Assemblies, in  0.487 seconds
Refreshing native plugins compatible for Editor in 0.75 ms, found 2 plugins.
Native extension for OSXStandalone target not found
Native extension for WebGL target not found
Mono: successfully reloaded assembly
- Finished resetting the current domain, in  0.356 seconds
Domain Reload Profiling: 843ms
	BeginReloadAssembly (102ms)
		ExecutionOrderSort (0ms)
		DisableScriptedObjects (3ms)
		BackupInstance (0ms)
		ReleaseScriptingObjects (0ms)
		CreateAndSetChildDomain (39ms)
	RebuildCommonClasses (23ms)
	RebuildNativeTypeToScriptingClass (8ms)
	initialDomainReloadingComplete (19ms)
	LoadAllAssembliesAndSetupDomain (334ms)
		LoadAssemblies (157ms)
		RebuildTransferFunctionScriptingTraits (0ms)
		AnalyzeDomain (212ms)
			TypeCache.Refresh (209ms)
				TypeCache.ScanAssembly (192ms)
			ScanForSourceGeneratedMonoScriptInfo (0ms)
			ResolveRequiredComponents (3ms)
	FinalizeReload (356ms)
		ReleaseScriptCaches (0ms)
		RebuildScriptCaches (0ms)
		SetupLoadedEditorAssemblies (207ms)
			LogAssemblyErrors (0ms)
			InitializePlatformSupportModulesInManaged (2ms)
			SetLoadedEditorAssemblies (2ms)
			RefreshPlugins (0ms)
			BeforeProcessingInitializeOnLoad (33ms)
			ProcessInitializeOnLoadAttributes (157ms)
			ProcessInitializeOnLoadMethodAttributes (11ms)
			AfterProcessingInitializeOnLoad (1ms)
			EditorAssembliesLoaded (0ms)
		ExecutionOrderSort2 (0ms)
		AwakeInstancesAfterBackupRestoration (2ms)
Refreshing native plugins compatible for Editor in 0.87 ms, found 2 plugins.
Preloading 0 native plugins for Editor in 0.00 ms.
Unloading 3060 Unused Serialized files (Serialized files now loaded: 0)
Unloading 22 unused Assets / (30.6 KB). Loaded Objects now: 3549.
Memory consumption went from 132.7 MB to 132.7 MB.
Total: 2.516875 ms (FindLiveObjects: 0.136166 ms CreateObjectMapping: 0.042084 ms MarkObjects: 2.268958 ms  DeleteObjects: 0.067583 ms)

Prepare: number of updated asset objects reloaded= 0
AssetImportParameters requested are different than current active one (requested -> active):
  custom:container-demuxer-ogg: 62fdf1f143b41e24485cea50d1cbac27 -> 
  custom:video-decoder-ogg-theora: a1e56fd34408186e4bbccfd4996cb3dc -> 
  custom:container-demuxer-webm: 4f35f7cbe854078d1ac9338744f61a02 -> 
  custom:container-muxer-webm: aa71ff27fc2769a1b78a27578f13a17b -> 
  custom:video-decoder-webm-vp8: 9c59270c3fd7afecdb556c50c9e8de78 -> 
  custom:AudioImporter_EditorPlatform: 3918e3fc78b5a79bad01e8451be0beb8 -> 
  custom:framework-osx-AVFoundation: e770b220cccbd017edd2c1fefb359320 -> 
  custom:video-encoder-webm-vp8: eb34c28f22e8b96e1ab97ce403110664 -> 
  custom:audio-decoder-ogg-vorbis: bf7c407c2cedff20999df2af8eb42d56 -> 
  custom:audio-encoder-webm-vorbis: bf7c407c2cedff20999df2af8eb42d56 -> 
========================================================================
Received Import Request.
  Time since last request: 36.322211 seconds.
  path: Assets/Low Poly Fruits/Materials/Material.001.mat
  artifactKey: Guid(2629bdb5f95d3aa4c8ff0bbc8840c7a5) Importer(815301076,1909f56bfc062723c751e8b465ee728b)
Start importing Assets/Low Poly Fruits/Materials/Material.001.mat using Guid(2629bdb5f95d3aa4c8ff0bbc8840c7a5) Importer(815301076,1909f56bfc062723c751e8b465ee728b)  -> (artifact id: '5b5d9a7037c2879e9c1b22afd181ddfe') in 0.119142 seconds
Number of updated asset objects reloaded before import = 0
Number of asset objects unloaded after import = 2
========================================================================
Received Import Request.
  Time since last request: 18.961950 seconds.
  path: Assets/LowPolyDungeonsLite/Materials/LowPolyDungeonsLite_Light.mat
  artifactKey: Guid(2f12fcec4b3dcc0489472b3a9cfa44c1) Importer(815301076,1909f56bfc062723c751e8b465ee728b)
Start importing Assets/LowPolyDungeonsLite/Materials/LowPolyDungeonsLite_Light.mat using Guid(2f12fcec4b3dcc0489472b3a9cfa44c1) Importer(815301076,1909f56bfc062723c751e8b465ee728b)  -> (artifact id: '1f22f8557c99bc509d2f660efb9cbedf') in 0.171941 seconds
Number of updated asset objects reloaded before import = 0
Number of asset objects unloaded after import = 2
========================================================================
Received Import Request.
  Time since last request: 0.000053 seconds.
  path: Assets/LowPolyDungeonsLite/Materials/LowPolyDungeonsLite_MAIN.mat
  artifactKey: Guid(18f63ff904099034daf971dac5b32582) Importer(815301076,1909f56bfc062723c751e8b465ee728b)
Start importing Assets/LowPolyDungeonsLite/Materials/LowPolyDungeonsLite_MAIN.mat using Guid(18f63ff904099034daf971dac5b32582) Importer(815301076,1909f56bfc062723c751e8b465ee728b)  -> (artifact id: '54ec4474b536f4f971c0170c2bc2278b') in 0.111578 seconds
Number of updated asset objects reloaded before import = 0
Number of asset objects unloaded after import = 2
========================================================================
Received Import Request.
  Time since last request: 1.563665 seconds.
  path: Assets/LowPolyDungeonsLite/Models/Bottle_05.fbx
  artifactKey: Guid(1f3ab9073fa6aed4bbec9d3a54b89a27) Importer(815301076,1909f56bfc062723c751e8b465ee728b)
Start importing Assets/LowPolyDungeonsLite/Models/Bottle_05.fbx using Guid(1f3ab9073fa6aed4bbec9d3a54b89a27) Importer(815301076,1909f56bfc062723c751e8b465ee728b)  -> (artifact id: 'c7d94aa8482fef3d4b7f56c7cf9561bc') in 0.077068 seconds
Number of updated asset objects reloaded before import = 0
Number of asset objects unloaded after import = 7
========================================================================
Received Import Request.
  Time since last request: 0.000108 seconds.
  path: Assets/LowPolyDungeonsLite/Models/Pot_01.fbx
  artifactKey: Guid(ea68aa111adc3264f9968657e12cc86a) Importer(815301076,1909f56bfc062723c751e8b465ee728b)
Start importing Assets/LowPolyDungeonsLite/Models/Pot_01.fbx using Guid(ea68aa111adc3264f9968657e12cc86a) Importer(815301076,1909f56bfc062723c751e8b465ee728b)  -> (artifact id: 'b82617cfa143b1c67c5b372eea4fb9be') in 0.008356 seconds
Number of updated asset objects reloaded before import = 0
Number of asset objects unloaded after import = 7
========================================================================
Received Import Request.
  Time since last request: 0.000052 seconds.
  path: Assets/LowPolyDungeonsLite/Models/Table_01.fbx
  artifactKey: Guid(d6d2f7aefe8e8cb4aac4725d78e70fde) Importer(815301076,1909f56bfc062723c751e8b465ee728b)
Start importing Assets/LowPolyDungeonsLite/Models/Table_01.fbx using Guid(d6d2f7aefe8e8cb4aac4725d78e70fde) Importer(815301076,1909f56bfc062723c751e8b465ee728b)  -> (artifact id: '0bfd004863605810ddf2ef287d99d5b1') in 0.011786 seconds
Number of updated asset objects reloaded before import = 0
Number of asset objects unloaded after import = 7
========================================================================
Received Import Request.
  Time since last request: 0.000045 seconds.
  path: Assets/LowPolyDungeonsLite/Models/Box_02.fbx
  artifactKey: Guid(8257fe5fd024e1640b84edb679463fd9) Importer(815301076,1909f56bfc062723c751e8b465ee728b)
Start importing Assets/LowPolyDungeonsLite/Models/Box_02.fbx using Guid(8257fe5fd024e1640b84edb679463fd9) Importer(815301076,1909f56bfc062723c751e8b465ee728b)  -> (artifact id: 'edeed1fa689a62f899f5b22a2a32ca92') in 0.008846 seconds
Number of updated asset objects reloaded before import = 0
Number of asset objects unloaded after import = 7
========================================================================
Received Import Request.
  Time since last request: 0.000117 seconds.
  path: Assets/LowPolyDungeonsLite/Models/Chair_05.fbx
  artifactKey: Guid(d51ff80ee7d069542b138da061286520) Importer(815301076,1909f56bfc062723c751e8b465ee728b)
Start importing Assets/LowPolyDungeonsLite/Models/Chair_05.fbx using Guid(d51ff80ee7d069542b138da061286520) Importer(815301076,1909f56bfc062723c751e8b465ee728b)  -> (artifact id: 'e47f75100adbcea2761009359d26b0af') in 0.013366 seconds
Number of updated asset objects reloaded before import = 0
Number of asset objects unloaded after import = 7
========================================================================
Received Import Request.
  Time since last request: 0.000096 seconds.
  path: Assets/LowPolyDungeonsLite/Models/Ground_01.fbx
  artifactKey: Guid(542f964f9d702f74d949482dfe0e0e8f) Importer(815301076,1909f56bfc062723c751e8b465ee728b)
Start importing Assets/LowPolyDungeonsLite/Models/Ground_01.fbx using Guid(542f964f9d702f74d949482dfe0e0e8f) Importer(815301076,1909f56bfc062723c751e8b465ee728b)  -> (artifact id: 'c3e830b10faea09c5bb1d16fa4d77075') in 0.007400 seconds
Number of updated asset objects reloaded before import = 0
Number of asset objects unloaded after import = 7
========================================================================
Received Import Request.
  Time since last request: 0.000134 seconds.
  path: Assets/LowPolyDungeonsLite/Models/Jug_02.fbx
  artifactKey: Guid(ddaa7d6b7ae32864ebb3dc8ba1c6dd83) Importer(815301076,1909f56bfc062723c751e8b465ee728b)
Start importing Assets/LowPolyDungeonsLite/Models/Jug_02.fbx using Guid(ddaa7d6b7ae32864ebb3dc8ba1c6dd83) Importer(815301076,1909f56bfc062723c751e8b465ee728b)  -> (artifact id: '04d9076018cb17432db6d3281a2b5e16') in 0.009791 seconds
Number of updated asset objects reloaded before import = 0
Number of asset objects unloaded after import = 7
========================================================================
Received Import Request.
  Time since last request: 0.000186 seconds.
  path: Assets/LowPolyDungeonsLite/Models/Candle_01.fbx
  artifactKey: Guid(0e94f8f9621dc254ca920f620b8e454e) Importer(815301076,1909f56bfc062723c751e8b465ee728b)
Start importing Assets/LowPolyDungeonsLite/Models/Candle_01.fbx using Guid(0e94f8f9621dc254ca920f620b8e454e) Importer(815301076,1909f56bfc062723c751e8b465ee728b)  -> (artifact id: '255f6aaa31f567c590f43cd9579add67') in 0.008669 seconds
Number of updated asset objects reloaded before import = 0
Number of asset objects unloaded after import = 7
========================================================================
Received Import Request.
  Time since last request: 0.000086 seconds.
  path: Assets/LowPolyDungeonsLite/Models/WallDecor_05.fbx
  artifactKey: Guid(cde161403e4daa841897213ea28384a5) Importer(815301076,1909f56bfc062723c751e8b465ee728b)
Start importing Assets/LowPolyDungeonsLite/Models/WallDecor_05.fbx using Guid(cde161403e4daa841897213ea28384a5) Importer(815301076,1909f56bfc062723c751e8b465ee728b)  -> (artifact id: '503ab93d79ded19b0852e684af8d5c84') in 0.009375 seconds
Number of updated asset objects reloaded before import = 0
Number of asset objects unloaded after import = 7
